<?xml version="1.0" encoding="UTF-8"?>
<coverage generated="1581282956164" clover="3.2.0">
  <project timestamp="1581282956164" name="All files">
    <metrics statements="38" coveredstatements="38" conditionals="44" coveredconditionals="44" methods="2" coveredmethods="2" elements="84" coveredelements="84" complexity="0" loc="38" ncloc="38" packages="1" files="2" classes="2"/>
    <file name="luhn.js" path="J:\CODE\advanced-js-browser\ahj-4_card-validator\src\luhn.js">
      <metrics statements="9" coveredstatements="9" conditionals="4" coveredconditionals="4" methods="1" coveredmethods="1"/>
      <line num="2" count="1" type="stmt"/>
      <line num="4" count="1" type="stmt"/>
      <line num="5" count="16" type="stmt"/>
      <line num="7" count="16" type="cond" truecount="2" falsecount="0"/>
      <line num="8" count="8" type="stmt"/>
      <line num="10" count="8" type="cond" truecount="2" falsecount="0"/>
      <line num="11" count="3" type="stmt"/>
      <line num="15" count="16" type="stmt"/>
      <line num="18" count="1" type="stmt"/>
    </file>
    <file name="paysystem.js" path="J:\CODE\advanced-js-browser\ahj-4_card-validator\src\paysystem.js">
      <metrics statements="29" coveredstatements="29" conditionals="40" coveredconditionals="40" methods="1" coveredmethods="1"/>
      <line num="3" count="14" type="cond" truecount="6" falsecount="0"/>
      <line num="5" count="1" type="stmt"/>
      <line num="6" count="1" type="stmt"/>
      <line num="8" count="4" type="cond" truecount="5" falsecount="0"/>
      <line num="9" count="1" type="stmt"/>
      <line num="10" count="3" type="cond" truecount="4" falsecount="0"/>
      <line num="11" count="1" type="stmt"/>
      <line num="12" count="2" type="cond" truecount="4" falsecount="0"/>
      <line num="13" count="1" type="stmt"/>
      <line num="15" count="1" type="stmt"/>
      <line num="17" count="4" type="stmt"/>
      <line num="19" count="1" type="stmt"/>
      <line num="20" count="1" type="stmt"/>
      <line num="22" count="3" type="cond" truecount="6" falsecount="0"/>
      <line num="23" count="1" type="stmt"/>
      <line num="24" count="2" type="cond" truecount="7" falsecount="0"/>
      <line num="25" count="1" type="stmt"/>
      <line num="27" count="1" type="stmt"/>
      <line num="29" count="3" type="stmt"/>
      <line num="31" count="4" type="cond" truecount="2" falsecount="0"/>
      <line num="32" count="1" type="stmt"/>
      <line num="33" count="3" type="cond" truecount="2" falsecount="0"/>
      <line num="34" count="1" type="stmt"/>
      <line num="35" count="2" type="cond" truecount="4" falsecount="0"/>
      <line num="36" count="1" type="stmt"/>
      <line num="38" count="1" type="stmt"/>
      <line num="40" count="4" type="stmt"/>
      <line num="42" count="1" type="stmt"/>
      <line num="44" count="14" type="stmt"/>
    </file>
  </project>
</coverage>
