{"J:\\CODE\\advanced-js-browser\\ahj-4_card-validator\\src\\luhn.js": {"path":"J:\\CODE\\advanced-js-browser\\ahj-4_card-validator\\src\\luhn.js","statementMap":{"0":{"start":{"line":2,"column":12},"end":{"line":2,"column":13}},"1":{"start":{"line":4,"column":2},"end":{"line":16,"column":3}},"2":{"start":{"line":4,"column":15},"end":{"line":4,"column":16}},"3":{"start":{"line":5,"column":18},"end":{"line":5,"column":41}},"4":{"start":{"line":7,"column":4},"end":{"line":13,"column":5}},"5":{"start":{"line":8,"column":6},"end":{"line":8,"column":19}},"6":{"start":{"line":10,"column":6},"end":{"line":12,"column":7}},"7":{"start":{"line":11,"column":8},"end":{"line":11,"column":21}},"8":{"start":{"line":15,"column":4},"end":{"line":15,"column":19}},"9":{"start":{"line":18,"column":2},"end":{"line":18,"column":24}}},"fnMap":{"0":{"name":"luhnAlgorithm","decl":{"start":{"line":1,"column":24},"end":{"line":1,"column":37}},"loc":{"start":{"line":1,"column":46},"end":{"line":19,"column":1}},"line":1}},"branchMap":{"0":{"loc":{"start":{"line":7,"column":4},"end":{"line":13,"column":5}},"type":"if","locations":[{"start":{"line":7,"column":4},"end":{"line":13,"column":5}},{"start":{"line":7,"column":4},"end":{"line":13,"column":5}}],"line":7},"1":{"loc":{"start":{"line":10,"column":6},"end":{"line":12,"column":7}},"type":"if","locations":[{"start":{"line":10,"column":6},"end":{"line":12,"column":7}},{"start":{"line":10,"column":6},"end":{"line":12,"column":7}}],"line":10}},"s":{"0":1,"1":1,"2":1,"3":16,"4":16,"5":8,"6":8,"7":3,"8":16,"9":1},"f":{"0":1},"b":{"0":[8,8],"1":[3,5]},"_coverageSchema":"1a1c01bbd47fc00a2c39e90264f33305004495a9","hash":"5f2068fb55fb2c7591501e78798658ac492f4351"}
,"J:\\CODE\\advanced-js-browser\\ahj-4_card-validator\\src\\paysystem.js": {"path":"J:\\CODE\\advanced-js-browser\\ahj-4_card-validator\\src\\paysystem.js","statementMap":{"0":{"start":{"line":3,"column":2},"end":{"line":43,"column":3}},"1":{"start":{"line":5,"column":6},"end":{"line":5,"column":21}},"2":{"start":{"line":6,"column":6},"end":{"line":6,"column":12}},"3":{"start":{"line":8,"column":6},"end":{"line":16,"column":7}},"4":{"start":{"line":9,"column":8},"end":{"line":9,"column":26}},"5":{"start":{"line":10,"column":13},"end":{"line":16,"column":7}},"6":{"start":{"line":11,"column":8},"end":{"line":11,"column":23}},"7":{"start":{"line":12,"column":13},"end":{"line":16,"column":7}},"8":{"start":{"line":13,"column":8},"end":{"line":13,"column":28}},"9":{"start":{"line":15,"column":8},"end":{"line":15,"column":27}},"10":{"start":{"line":17,"column":6},"end":{"line":17,"column":12}},"11":{"start":{"line":19,"column":6},"end":{"line":19,"column":22}},"12":{"start":{"line":20,"column":6},"end":{"line":20,"column":12}},"13":{"start":{"line":22,"column":6},"end":{"line":28,"column":7}},"14":{"start":{"line":23,"column":8},"end":{"line":23,"column":27}},"15":{"start":{"line":24,"column":13},"end":{"line":28,"column":7}},"16":{"start":{"line":25,"column":8},"end":{"line":25,"column":30}},"17":{"start":{"line":27,"column":8},"end":{"line":27,"column":27}},"18":{"start":{"line":29,"column":6},"end":{"line":29,"column":12}},"19":{"start":{"line":31,"column":6},"end":{"line":39,"column":7}},"20":{"start":{"line":32,"column":8},"end":{"line":32,"column":28}},"21":{"start":{"line":33,"column":13},"end":{"line":39,"column":7}},"22":{"start":{"line":34,"column":8},"end":{"line":34,"column":28}},"23":{"start":{"line":35,"column":13},"end":{"line":39,"column":7}},"24":{"start":{"line":36,"column":8},"end":{"line":36,"column":27}},"25":{"start":{"line":38,"column":8},"end":{"line":38,"column":27}},"26":{"start":{"line":40,"column":6},"end":{"line":40,"column":12}},"27":{"start":{"line":42,"column":6},"end":{"line":42,"column":25}},"28":{"start":{"line":44,"column":2},"end":{"line":44,"column":16}}},"fnMap":{"0":{"name":"paySystem","decl":{"start":{"line":1,"column":24},"end":{"line":1,"column":33}},"loc":{"start":{"line":1,"column":41},"end":{"line":45,"column":1}},"line":1}},"branchMap":{"0":{"loc":{"start":{"line":3,"column":2},"end":{"line":43,"column":3}},"type":"switch","locations":[{"start":{"line":4,"column":4},"end":{"line":6,"column":12}},{"start":{"line":7,"column":4},"end":{"line":17,"column":12}},{"start":{"line":18,"column":4},"end":{"line":20,"column":12}},{"start":{"line":21,"column":4},"end":{"line":29,"column":12}},{"start":{"line":30,"column":4},"end":{"line":40,"column":12}},{"start":{"line":41,"column":4},"end":{"line":42,"column":25}}],"line":3},"1":{"loc":{"start":{"line":8,"column":6},"end":{"line":16,"column":7}},"type":"if","locations":[{"start":{"line":8,"column":6},"end":{"line":16,"column":7}},{"start":{"line":8,"column":6},"end":{"line":16,"column":7}}],"line":8},"2":{"loc":{"start":{"line":8,"column":10},"end":{"line":8,"column":66}},"type":"binary-expr","locations":[{"start":{"line":8,"column":10},"end":{"line":8,"column":26}},{"start":{"line":8,"column":30},"end":{"line":8,"column":46}},{"start":{"line":8,"column":50},"end":{"line":8,"column":66}}],"line":8},"3":{"loc":{"start":{"line":10,"column":13},"end":{"line":16,"column":7}},"type":"if","locations":[{"start":{"line":10,"column":13},"end":{"line":16,"column":7}},{"start":{"line":10,"column":13},"end":{"line":16,"column":7}}],"line":10},"4":{"loc":{"start":{"line":10,"column":17},"end":{"line":10,"column":53}},"type":"binary-expr","locations":[{"start":{"line":10,"column":17},"end":{"line":10,"column":33}},{"start":{"line":10,"column":37},"end":{"line":10,"column":53}}],"line":10},"5":{"loc":{"start":{"line":12,"column":13},"end":{"line":16,"column":7}},"type":"if","locations":[{"start":{"line":12,"column":13},"end":{"line":16,"column":7}},{"start":{"line":12,"column":13},"end":{"line":16,"column":7}}],"line":12},"6":{"loc":{"start":{"line":12,"column":17},"end":{"line":12,"column":53}},"type":"binary-expr","locations":[{"start":{"line":12,"column":17},"end":{"line":12,"column":33}},{"start":{"line":12,"column":37},"end":{"line":12,"column":53}}],"line":12},"7":{"loc":{"start":{"line":22,"column":6},"end":{"line":28,"column":7}},"type":"if","locations":[{"start":{"line":22,"column":6},"end":{"line":28,"column":7}},{"start":{"line":22,"column":6},"end":{"line":28,"column":7}}],"line":22},"8":{"loc":{"start":{"line":22,"column":10},"end":{"line":22,"column":86}},"type":"binary-expr","locations":[{"start":{"line":22,"column":10},"end":{"line":22,"column":26}},{"start":{"line":22,"column":30},"end":{"line":22,"column":46}},{"start":{"line":22,"column":50},"end":{"line":22,"column":66}},{"start":{"line":22,"column":70},"end":{"line":22,"column":86}}],"line":22},"9":{"loc":{"start":{"line":24,"column":13},"end":{"line":28,"column":7}},"type":"if","locations":[{"start":{"line":24,"column":13},"end":{"line":28,"column":7}},{"start":{"line":24,"column":13},"end":{"line":28,"column":7}}],"line":24},"10":{"loc":{"start":{"line":24,"column":17},"end":{"line":24,"column":113}},"type":"binary-expr","locations":[{"start":{"line":24,"column":17},"end":{"line":24,"column":33}},{"start":{"line":24,"column":37},"end":{"line":24,"column":53}},{"start":{"line":24,"column":57},"end":{"line":24,"column":73}},{"start":{"line":24,"column":77},"end":{"line":24,"column":93}},{"start":{"line":24,"column":97},"end":{"line":24,"column":113}}],"line":24},"11":{"loc":{"start":{"line":31,"column":6},"end":{"line":39,"column":7}},"type":"if","locations":[{"start":{"line":31,"column":6},"end":{"line":39,"column":7}},{"start":{"line":31,"column":6},"end":{"line":39,"column":7}}],"line":31},"12":{"loc":{"start":{"line":33,"column":13},"end":{"line":39,"column":7}},"type":"if","locations":[{"start":{"line":33,"column":13},"end":{"line":39,"column":7}},{"start":{"line":33,"column":13},"end":{"line":39,"column":7}}],"line":33},"13":{"loc":{"start":{"line":35,"column":13},"end":{"line":39,"column":7}},"type":"if","locations":[{"start":{"line":35,"column":13},"end":{"line":39,"column":7}},{"start":{"line":35,"column":13},"end":{"line":39,"column":7}}],"line":35},"14":{"loc":{"start":{"line":35,"column":17},"end":{"line":35,"column":53}},"type":"binary-expr","locations":[{"start":{"line":35,"column":17},"end":{"line":35,"column":33}},{"start":{"line":35,"column":37},"end":{"line":35,"column":53}}],"line":35}},"s":{"0":14,"1":1,"2":1,"3":4,"4":1,"5":3,"6":1,"7":2,"8":1,"9":1,"10":4,"11":1,"12":1,"13":3,"14":1,"15":2,"16":1,"17":1,"18":3,"19":4,"20":1,"21":3,"22":1,"23":2,"24":1,"25":1,"26":4,"27":1,"28":14},"f":{"0":14},"b":{"0":[1,4,1,3,4,1],"1":[1,3],"2":[4,3,3],"3":[1,2],"4":[3,2],"5":[1,1],"6":[2,1],"7":[1,2],"8":[3,2,2,2],"9":[1,1],"10":[2,2,1,1,1],"11":[1,3],"12":[1,2],"13":[1,1],"14":[2,1]},"_coverageSchema":"1a1c01bbd47fc00a2c39e90264f33305004495a9","hash":"d0ab2d0d17b3bc6b524b47c7600fb89e59ca846f"}
}
