TN:
SF:src\luhn.js
FN:1,luhnAlgorithm
FNF:1
FNH:1
FNDA:1,luhnAlgorithm
DA:2,1
DA:4,1
DA:5,16
DA:7,16
DA:8,8
DA:10,8
DA:11,3
DA:15,16
DA:18,1
LF:9
LH:9
BRDA:7,0,0,8
BRDA:7,0,1,8
BRDA:10,1,0,3
BRDA:10,1,1,5
BRF:4
BRH:4
end_of_record
TN:
SF:src\paysystem.js
FN:1,paySystem
FNF:1
FNH:1
FNDA:14,paySystem
DA:3,14
DA:5,1
DA:6,1
DA:8,4
DA:9,1
DA:10,3
DA:11,1
DA:12,2
DA:13,1
DA:15,1
DA:17,4
DA:19,1
DA:20,1
DA:22,3
DA:23,1
DA:24,2
DA:25,1
DA:27,1
DA:29,3
DA:31,4
DA:32,1
DA:33,3
DA:34,1
DA:35,2
DA:36,1
DA:38,1
DA:40,4
DA:42,1
DA:44,14
LF:29
LH:29
BRDA:3,0,0,1
BRDA:3,0,1,4
BRDA:3,0,2,1
BRDA:3,0,3,3
BRDA:3,0,4,4
BRDA:3,0,5,1
BRDA:8,1,0,1
BRDA:8,1,1,3
BRDA:8,2,0,4
BRDA:8,2,1,3
BRDA:8,2,2,3
BRDA:10,3,0,1
BRDA:10,3,1,2
BRDA:10,4,0,3
BRDA:10,4,1,2
BRDA:12,5,0,1
BRDA:12,5,1,1
BRDA:12,6,0,2
BRDA:12,6,1,1
BRDA:22,7,0,1
BRDA:22,7,1,2
BRDA:22,8,0,3
BRDA:22,8,1,2
BRDA:22,8,2,2
BRDA:22,8,3,2
BRDA:24,9,0,1
BRDA:24,9,1,1
BRDA:24,10,0,2
BRDA:24,10,1,2
BRDA:24,10,2,1
BRDA:24,10,3,1
BRDA:24,10,4,1
BRDA:31,11,0,1
BRDA:31,11,1,3
BRDA:33,12,0,1
BRDA:33,12,1,2
BRDA:35,13,0,1
BRDA:35,13,1,1
BRDA:35,14,0,2
BRDA:35,14,1,1
BRF:40
BRH:40
end_of_record
